<?xml version="1.0" encoding="UTF-8"?>
<!-- Generated by org.testng.reporters.JUnitReportReporter -->
<testsuite skipped="0" hostname="Lenovo-PC" name="com.igate.qa.testcases.ModifyLeaveTest" tests="1" failures="0" timestamp="16 Dec 2018 07:50:18 GMT" time="85.639" errors="0">
  <testcase name="iGateModifyLeaveTest" time="85.639" classname="com.igate.qa.testcases.ModifyLeaveTest"/>
</testsuite> <!-- com.igate.qa.testcases.ModifyLeaveTest -->
