<?xml version="1.0" encoding="UTF-8"?>
<!-- Generated by org.testng.reporters.JUnitReportReporter -->
<testsuite skipped="0" hostname="Lenovo-PC" name="com.igate.qa.testcases.LoginPageTest" tests="3" failures="0" timestamp="16 Dec 2018 07:50:18 GMT" time="30.482" errors="0">
  <testcase name="loginPageTitleTest" time="5.956" classname="com.igate.qa.testcases.LoginPageTest"/>
  <testcase name="loginLogoImageTest" time="6.003" classname="com.igate.qa.testcases.LoginPageTest"/>
  <testcase name="loginTest" time="18.523" classname="com.igate.qa.testcases.LoginPageTest"/>
</testsuite> <!-- com.igate.qa.testcases.LoginPageTest -->
