<?xml version="1.0" encoding="UTF-8"?>
<!-- Generated by org.testng.reporters.JUnitReportReporter -->
<testsuite skipped="0" hostname="Lenovo-PC" name="com.igate.qa.testcases.LoginPageTest" tests="3" failures="0" timestamp="16 Dec 2018 06:48:10 GMT" time="28.309" errors="0">
  <testcase name="loginPageTitleTest" time="6.617" classname="com.igate.qa.testcases.LoginPageTest"/>
  <testcase name="loginLogoImageTest" time="7.096" classname="com.igate.qa.testcases.LoginPageTest"/>
  <testcase name="loginTest" time="14.596" classname="com.igate.qa.testcases.LoginPageTest"/>
</testsuite> <!-- com.igate.qa.testcases.LoginPageTest -->
