<?xml version="1.0" encoding="UTF-8"?>
<!-- Generated by org.testng.reporters.JUnitReportReporter -->
<testsuite skipped="0" hostname="Lenovo-PC" name="com.igate.qa.testcases.ApplyLeaveTest" tests="1" failures="0" timestamp="16 Dec 2018 06:48:10 GMT" time="93.519" errors="0">
  <testcase name="iGateApplyLeaveTest" time="93.519" classname="com.igate.qa.testcases.ApplyLeaveTest"/>
</testsuite> <!-- com.igate.qa.testcases.ApplyLeaveTest -->
