<?xml version="1.0" encoding="UTF-8"?>
<!-- Generated by org.testng.reporters.JUnitReportReporter -->
<testsuite skipped="0" hostname="Lenovo-PC" name="com.igate.qa.testcases.CancelLeaveTest" tests="1" failures="0" timestamp="16 Dec 2018 06:48:10 GMT" time="74.170" errors="0">
  <testcase name="iGateCancelLeaveTest" time="74.170" classname="com.igate.qa.testcases.CancelLeaveTest"/>
</testsuite> <!-- com.igate.qa.testcases.CancelLeaveTest -->
